2026-02-20 05:29:55 - INFO - [Target] bonsai
2026-02-20 05:29:56 - INFO - ----- latent inversion -----
2026-02-20 05:29:57 - INFO - epoch: 1, total_loss: 58.6981
2026-02-20 05:30:28 - INFO - epoch: 100, total_loss: 2.6722
2026-02-20 05:31:01 - INFO - epoch: 200, total_loss: 1.3099
2026-02-20 05:31:33 - INFO - epoch: 300, total_loss: 0.9898
2026-02-20 05:32:04 - INFO - epoch: 400, total_loss: 0.4779
2026-02-20 05:32:35 - INFO - epoch: 500, total_loss: 0.4138
2026-02-20 05:32:35 - INFO - Latent inversion completed in 158.97 seconds
2026-02-20 05:32:35 - INFO - ----- image optimization -----
2026-02-20 05:32:36 - INFO - epoch: 1, total_loss: 32.3237
2026-02-20 05:33:22 - INFO - epoch: 100, total_loss: 2.6990
2026-02-20 05:34:08 - INFO - epoch: 200, total_loss: 1.9352
2026-02-20 05:34:55 - INFO - epoch: 300, total_loss: 1.8757
2026-02-20 05:35:42 - INFO - epoch: 400, total_loss: 1.8471
2026-02-20 05:36:27 - INFO - epoch: 500, total_loss: 1.7792
2026-02-20 05:36:28 - INFO - Latent optimization completed in 232.37 seconds
2026-02-20 05:36:28 - INFO - Optimized SVG saved to: ../output/example_generation/bonsai/bonsai_optim_latent.svg
2026-02-20 05:36:28 - INFO - ----- point optimization -----
2026-02-20 05:36:28 - INFO - epoch: 1, total_loss: 18.969727
2026-02-20 05:37:16 - INFO - epoch: 100, total_loss: 3.055002
2026-02-20 05:38:06 - INFO - epoch: 200, total_loss: 2.758975
2026-02-20 05:38:55 - INFO - epoch: 300, total_loss: 2.629031
2026-02-20 05:39:43 - INFO - epoch: 400, total_loss: 2.400913
2026-02-20 05:40:31 - INFO - epoch: 500, total_loss: 2.193059
2026-02-20 05:40:32 - INFO - Point-optimized SVG saved to: ../output/example_generation/bonsai/bonsai_optim_point.svg
2026-02-20 05:40:32 - INFO - Point optimization completed in 244.04 seconds
2026-02-20 05:40:32 - INFO - Total optimization time: 636.75 seconds
